This is pdfTeX, Version 3.141592653-2.6-1.40.27 (TeX Live 2025/nixos.org) (preloaded format=pdflatex 1980.1.1)  15 MAR 2026 23:09
entering extended mode
 restricted \write18 enabled.
 %&-line parsing enabled.
**Lab3.tex
(./Lab3.tex
LaTeX2e <2025-06-01> patch level 1
L3 programming layer <2025-06-09>

(/nix/store/j9qnsdvcbhpjd47npqvzvdbdhywzfkms-texlive-combined-full-2025.2025070
3-texmfdist/tex/latex/base/article.cls
Document Class: article 2025/01/22 v1.4n Standard LaTeX document class

(/nix/store/j9qnsdvcbhpjd47npqvzvdbdhywzfkms-texlive-combined-full-2025.2025070
3-texmfdist/tex/latex/base/size10.clo
File: size10.clo 2025/01/22 v1.4n Standard LaTeX file (size option)
)
\c@part=\count275
\c@section=\count276
\c@subsection=\count277
\c@subsubsection=\count278
\c@paragraph=\count279
\c@subparagraph=\count280
\c@figure=\count281
\c@table=\count282
\abovecaptionskip=\skip49
\belowcaptionskip=\skip50
\bibindent=\dimen148
)
(/nix/store/j9qnsdvcbhpjd47npqvzvdbdhywzfkms-texlive-combined-full-2025.2025070
3-texmfdist/tex/latex/xcolor/xcolor.sty
Package: xcolor 2024/09/29 v3.02 LaTeX color extensions (UK)

(/nix/store/j9qnsdvcbhpjd47npqvzvdbdhywzfkms-texlive-combined-full-2025.2025070
3-texmfdist/tex/latex/graphics-cfg/color.cfg
File: color.cfg 2016/01/02 v1.6 sample color configuration
)
Package xcolor Info: Driver file: pdftex.def on input line 274.

(/nix/store/j9qnsdvcbhpjd47npqvzvdbdhywzfkms-texlive-combined-full-2025.2025070
3-texmfdist/tex/latex/graphics-def/pdftex.def
File: pdftex.def 2024/04/13 v1.2c Graphics/color driver for pdftex
)
(/nix/store/j9qnsdvcbhpjd47npqvzvdbdhywzfkms-texlive-combined-full-2025.2025070
3-texmfdist/tex/latex/graphics/mathcolor.ltx)
Package xcolor Info: Model `cmy' substituted by `cmy0' on input line 1349.
Package xcolor Info: Model `hsb' substituted by `rgb' on input line 1353.
Package xcolor Info: Model `RGB' extended on input line 1365.
Package xcolor Info: Model `HTML' substituted by `rgb' on input line 1367.
Package xcolor Info: Model `Hsb' substituted by `hsb' on input line 1368.
Package xcolor Info: Model `tHsb' substituted by `hsb' on input line 1369.
Package xcolor Info: Model `HSB' substituted by `hsb' on input line 1370.
Package xcolor Info: Model `Gray' substituted by `gray' on input line 1371.
Package xcolor Info: Model `wave' substituted by `hsb' on input line 1372.
)
(/nix/store/j9qnsdvcbhpjd47npqvzvdbdhywzfkms-texlive-combined-full-2025.2025070
3-texmfdist/tex/latex/geometry/geometry.sty
Package: geometry 2020/01/02 v5.9 Page Geometry

(/nix/store/j9qnsdvcbhpjd47npqvzvdbdhywzfkms-texlive-combined-full-2025.2025070
3-texmfdist/tex/latex/graphics/keyval.sty
Package: keyval 2022/05/29 v1.15 key=value parser (DPC)
\KV@toks@=\toks17
)
(/nix/store/j9qnsdvcbhpjd47npqvzvdbdhywzfkms-texlive-combined-full-2025.2025070
3-texmfdist/tex/generic/iftex/ifvtex.sty
Package: ifvtex 2019/10/25 v1.7 ifvtex legacy package. Use iftex instead.

(/nix/store/j9qnsdvcbhpjd47npqvzvdbdhywzfkms-texlive-combined-full-2025.2025070
3-texmfdist/tex/generic/iftex/iftex.sty
Package: iftex 2024/12/12 v1.0g TeX engine tests
))
\Gm@cnth=\count283
\Gm@cntv=\count284
\c@Gm@tempcnt=\count285
\Gm@bindingoffset=\dimen149
\Gm@wd@mp=\dimen150
\Gm@odd@mp=\dimen151
\Gm@even@mp=\dimen152
\Gm@layoutwidth=\dimen153
\Gm@layoutheight=\dimen154
\Gm@layouthoffset=\dimen155
\Gm@layoutvoffset=\dimen156
\Gm@dimlist=\toks18
)
(/nix/store/j9qnsdvcbhpjd47npqvzvdbdhywzfkms-texlive-combined-full-2025.2025070
3-texmfdist/tex/latex/amsmath/amsmath.sty
Package: amsmath 2025/06/16 v2.17y AMS math features
\@mathmargin=\skip51
For additional information on amsmath, use the `?' option.

(/nix/store/j9qnsdvcbhpjd47npqvzvdbdhywzfkms-texlive-combined-full-2025.2025070
3-texmfdist/tex/latex/amsmath/amstext.sty
Package: amstext 2024/11/17 v2.01 AMS text

(/nix/store/j9qnsdvcbhpjd47npqvzvdbdhywzfkms-texlive-combined-full-2025.2025070
3-texmfdist/tex/latex/amsmath/amsgen.sty
File: amsgen.sty 1999/11/30 v2.0 generic functions
\@emptytoks=\toks19
\ex@=\dimen157
))
(/nix/store/j9qnsdvcbhpjd47npqvzvdbdhywzfkms-texlive-combined-full-2025.2025070
3-texmfdist/tex/latex/amsmath/amsbsy.sty
Package: amsbsy 1999/11/29 v1.2d Bold Symbols
\pmbraise@=\dimen158
)
(/nix/store/j9qnsdvcbhpjd47npqvzvdbdhywzfkms-texlive-combined-full-2025.2025070
3-texmfdist/tex/latex/amsmath/amsopn.sty
Package: amsopn 2022/04/08 v2.04 operator names
)
\inf@bad=\count286
LaTeX Info: Redefining \frac on input line 233.
\uproot@=\count287
\leftroot@=\count288
LaTeX Info: Redefining \overline on input line 398.
LaTeX Info: Redefining \colon on input line 409.
\classnum@=\count289
\DOTSCASE@=\count290
LaTeX Info: Redefining \ldots on input line 495.
LaTeX Info: Redefining \dots on input line 498.
LaTeX Info: Redefining \cdots on input line 619.
\Mathstrutbox@=\box53
\strutbox@=\box54
LaTeX Info: Redefining \big on input line 721.
LaTeX Info: Redefining \Big on input line 722.
LaTeX Info: Redefining \bigg on input line 723.
LaTeX Info: Redefining \Bigg on input line 724.
\big@size=\dimen159
LaTeX Font Info:    Redeclaring font encoding OML on input line 742.
LaTeX Font Info:    Redeclaring font encoding OMS on input line 743.
\macc@depth=\count291
LaTeX Info: Redefining \bmod on input line 904.
LaTeX Info: Redefining \pmod on input line 909.
LaTeX Info: Redefining \smash on input line 939.
LaTeX Info: Redefining \relbar on input line 969.
LaTeX Info: Redefining \Relbar on input line 970.
\c@MaxMatrixCols=\count292
\dotsspace@=\muskip17
\c@parentequation=\count293
\dspbrk@lvl=\count294
\tag@help=\toks20
\row@=\count295
\column@=\count296
\maxfields@=\count297
\andhelp@=\toks21
\eqnshift@=\dimen160
\alignsep@=\dimen161
\tagshift@=\dimen162
\tagwidth@=\dimen163
\totwidth@=\dimen164
\lineht@=\dimen165
\@envbody=\toks22
\multlinegap=\skip52
\multlinetaggap=\skip53
\mathdisplay@stack=\toks23
LaTeX Info: Redefining \[ on input line 2949.
LaTeX Info: Redefining \] on input line 2950.
)
(/nix/store/j9qnsdvcbhpjd47npqvzvdbdhywzfkms-texlive-combined-full-2025.2025070
3-texmfdist/tex/latex/amsfonts/amssymb.sty
Package: amssymb 2013/01/14 v3.01 AMS font symbols

(/nix/store/j9qnsdvcbhpjd47npqvzvdbdhywzfkms-texlive-combined-full-2025.2025070
3-texmfdist/tex/latex/amsfonts/amsfonts.sty
Package: amsfonts 2013/01/14 v3.01 Basic AMSFonts support
\symAMSa=\mathgroup4
\symAMSb=\mathgroup5
LaTeX Font Info:    Redeclaring math symbol \hbar on input line 98.
LaTeX Font Info:    Overwriting math alphabet `\mathfrak' in version `bold'
(Font)                  U/euf/m/n --> U/euf/b/n on input line 106.
))
(/nix/store/j9qnsdvcbhpjd47npqvzvdbdhywzfkms-texlive-combined-full-2025.2025070
3-texmfdist/tex/latex/base/fontenc.sty
Package: fontenc 2024/12/21 v2.1c Standard LaTeX package
)
(/nix/store/j9qnsdvcbhpjd47npqvzvdbdhywzfkms-texlive-combined-full-2025.2025070
3-texmfdist/tex/latex/base/inputenc.sty
Package: inputenc 2024/02/08 v1.3d Input encoding file
\inpenc@prehook=\toks24
\inpenc@posthook=\toks25
)
(/nix/store/j9qnsdvcbhpjd47npqvzvdbdhywzfkms-texlive-combined-full-2025.2025070
3-texmfdist/tex/latex/base/textcomp.sty
Package: textcomp 2024/04/24 v2.1b Standard LaTeX package
)
(/nix/store/j9qnsdvcbhpjd47npqvzvdbdhywzfkms-texlive-combined-full-2025.2025070
3-texmfdist/tex/latex/lm/lmodern.sty
Package: lmodern 2015/05/01 v1.6.1 Latin Modern Fonts
LaTeX Font Info:    Overwriting symbol font `operators' in version `normal'
(Font)                  OT1/cmr/m/n --> OT1/lmr/m/n on input line 22.
LaTeX Font Info:    Overwriting symbol font `letters' in version `normal'
(Font)                  OML/cmm/m/it --> OML/lmm/m/it on input line 23.
LaTeX Font Info:    Overwriting symbol font `symbols' in version `normal'
(Font)                  OMS/cmsy/m/n --> OMS/lmsy/m/n on input line 24.
LaTeX Font Info:    Overwriting symbol font `largesymbols' in version `normal'
(Font)                  OMX/cmex/m/n --> OMX/lmex/m/n on input line 25.
LaTeX Font Info:    Overwriting symbol font `operators' in version `bold'
(Font)                  OT1/cmr/bx/n --> OT1/lmr/bx/n on input line 26.
LaTeX Font Info:    Overwriting symbol font `letters' in version `bold'
(Font)                  OML/cmm/b/it --> OML/lmm/b/it on input line 27.
LaTeX Font Info:    Overwriting symbol font `symbols' in version `bold'
(Font)                  OMS/cmsy/b/n --> OMS/lmsy/b/n on input line 28.
LaTeX Font Info:    Overwriting symbol font `largesymbols' in version `bold'
(Font)                  OMX/cmex/m/n --> OMX/lmex/m/n on input line 29.
LaTeX Font Info:    Overwriting math alphabet `\mathbf' in version `normal'
(Font)                  OT1/cmr/bx/n --> OT1/lmr/bx/n on input line 31.
LaTeX Font Info:    Overwriting math alphabet `\mathsf' in version `normal'
(Font)                  OT1/cmss/m/n --> OT1/lmss/m/n on input line 32.
LaTeX Font Info:    Overwriting math alphabet `\mathit' in version `normal'
(Font)                  OT1/cmr/m/it --> OT1/lmr/m/it on input line 33.
LaTeX Font Info:    Overwriting math alphabet `\mathtt' in version `normal'
(Font)                  OT1/cmtt/m/n --> OT1/lmtt/m/n on input line 34.
LaTeX Font Info:    Overwriting math alphabet `\mathbf' in version `bold'
(Font)                  OT1/cmr/bx/n --> OT1/lmr/bx/n on input line 35.
LaTeX Font Info:    Overwriting math alphabet `\mathsf' in version `bold'
(Font)                  OT1/cmss/bx/n --> OT1/lmss/bx/n on input line 36.
LaTeX Font Info:    Overwriting math alphabet `\mathit' in version `bold'
(Font)                  OT1/cmr/bx/it --> OT1/lmr/bx/it on input line 37.
LaTeX Font Info:    Overwriting math alphabet `\mathtt' in version `bold'
(Font)                  OT1/cmtt/m/n --> OT1/lmtt/m/n on input line 38.
)
(/nix/store/j9qnsdvcbhpjd47npqvzvdbdhywzfkms-texlive-combined-full-2025.2025070
3-texmfdist/tex/latex/upquote/upquote.sty
Package: upquote 2012/04/19 v1.3 upright-quote and grave-accent glyphs in verba
tim
)
(/nix/store/j9qnsdvcbhpjd47npqvzvdbdhywzfkms-texlive-combined-full-2025.2025070
3-texmfdist/tex/latex/microtype/microtype.sty
Package: microtype 2025/02/11 v3.2a Micro-typographical refinements (RS)

(/nix/store/j9qnsdvcbhpjd47npqvzvdbdhywzfkms-texlive-combined-full-2025.2025070
3-texmfdist/tex/latex/etoolbox/etoolbox.sty
Package: etoolbox 2025/02/11 v2.5l e-TeX tools for LaTeX (JAW)
\etb@tempcnta=\count298
)
\MT@toks=\toks26
\MT@tempbox=\box55
\MT@count=\count299
LaTeX Info: Redefining \noprotrusionifhmode on input line 1087.
LaTeX Info: Redefining \leftprotrusion on input line 1088.
\MT@prot@toks=\toks27
LaTeX Info: Redefining \rightprotrusion on input line 1107.
LaTeX Info: Redefining \textls on input line 1449.
\MT@outer@kern=\dimen166
LaTeX Info: Redefining \microtypecontext on input line 2053.
LaTeX Info: Redefining \textmicrotypecontext on input line 2070.
\MT@listname@count=\count300

(/nix/store/j9qnsdvcbhpjd47npqvzvdbdhywzfkms-texlive-combined-full-2025.2025070
3-texmfdist/tex/latex/microtype/microtype-pdftex.def
File: microtype-pdftex.def 2025/02/11 v3.2a Definitions specific to pdftex (RS)

LaTeX Info: Redefining \lsstyle on input line 944.
LaTeX Info: Redefining \lslig on input line 944.
\MT@outer@space=\skip54
)
Package microtype Info: Loading configuration file microtype.cfg.

(/nix/store/j9qnsdvcbhpjd47npqvzvdbdhywzfkms-texlive-combined-full-2025.2025070
3-texmfdist/tex/latex/microtype/microtype.cfg
File: microtype.cfg 2025/02/11 v3.2a microtype main configuration file (RS)
)
LaTeX Info: Redefining \microtypesetup on input line 3065.
)
(/nix/store/j9qnsdvcbhpjd47npqvzvdbdhywzfkms-texlive-combined-full-2025.2025070
3-texmfdist/tex/latex/parskip/parskip.sty
Package: parskip 2021-03-14 v2.0h non-zero parskip adjustments

(/nix/store/j9qnsdvcbhpjd47npqvzvdbdhywzfkms-texlive-combined-full-2025.2025070
3-texmfdist/tex/latex/kvoptions/kvoptions.sty
Package: kvoptions 2022-06-15 v3.15 Key value format for package options (HO)

(/nix/store/j9qnsdvcbhpjd47npqvzvdbdhywzfkms-texlive-combined-full-2025.2025070
3-texmfdist/tex/generic/ltxcmds/ltxcmds.sty
Package: ltxcmds 2023-12-04 v1.26 LaTeX kernel commands for general use (HO)
)
(/nix/store/j9qnsdvcbhpjd47npqvzvdbdhywzfkms-texlive-combined-full-2025.2025070
3-texmfdist/tex/latex/kvsetkeys/kvsetkeys.sty
Package: kvsetkeys 2022-10-05 v1.19 Key value parser (HO)
)))
(/nix/store/j9qnsdvcbhpjd47npqvzvdbdhywzfkms-texlive-combined-full-2025.2025070
3-texmfdist/tex/latex/fancyvrb/fancyvrb.sty
Package: fancyvrb 2024/01/20 4.5c verbatim text (tvz,hv)
\FV@CodeLineNo=\count301
\FV@InFile=\read2
\FV@TabBox=\box56
\c@FancyVerbLine=\count302
\FV@StepNumber=\count303
\FV@OutFile=\write3
)
(/nix/store/j9qnsdvcbhpjd47npqvzvdbdhywzfkms-texlive-combined-full-2025.2025070
3-texmfdist/tex/latex/framed/framed.sty
Package: framed 2011/10/22 v 0.96: framed or shaded text with page breaks
\OuterFrameSep=\skip55
\fb@frw=\dimen167
\fb@frh=\dimen168
\FrameRule=\dimen169
\FrameSep=\dimen170
)
(/nix/store/j9qnsdvcbhpjd47npqvzvdbdhywzfkms-texlive-combined-full-2025.2025070
3-texmfdist/tex/latex/graphics/graphicx.sty
Package: graphicx 2024/12/31 v1.2e Enhanced LaTeX Graphics (DPC,SPQR)

(/nix/store/j9qnsdvcbhpjd47npqvzvdbdhywzfkms-texlive-combined-full-2025.2025070
3-texmfdist/tex/latex/graphics/graphics.sty
Package: graphics 2024/08/06 v1.4g Standard LaTeX Graphics (DPC,SPQR)

(/nix/store/j9qnsdvcbhpjd47npqvzvdbdhywzfkms-texlive-combined-full-2025.2025070
3-texmfdist/tex/latex/graphics/trig.sty
Package: trig 2023/12/02 v1.11 sin cos tan (DPC)
)
(/nix/store/j9qnsdvcbhpjd47npqvzvdbdhywzfkms-texlive-combined-full-2025.2025070
3-texmfdist/tex/latex/graphics-cfg/graphics.cfg
File: graphics.cfg 2016/06/04 v1.11 sample graphics configuration
)
Package graphics Info: Driver file: pdftex.def on input line 106.
)
\Gin@req@height=\dimen171
\Gin@req@width=\dimen172
)
\pandoc@box=\box57

(/nix/store/j9qnsdvcbhpjd47npqvzvdbdhywzfkms-texlive-combined-full-2025.2025070
3-texmfdist/tex/latex/bookmark/bookmark.sty
Package: bookmark 2023-12-10 v1.31 PDF bookmarks (HO)

(/nix/store/j9qnsdvcbhpjd47npqvzvdbdhywzfkms-texlive-combined-full-2025.2025070
3-texmfdist/tex/latex/hyperref/hyperref.sty
Package: hyperref 2025-06-21 v7.01n Hypertext links for LaTeX

(/nix/store/j9qnsdvcbhpjd47npqvzvdbdhywzfkms-texlive-combined-full-2025.2025070
3-texmfdist/tex/generic/kvdefinekeys/kvdefinekeys.sty
Package: kvdefinekeys 2019-12-19 v1.6 Define keys (HO)
)
(/nix/store/j9qnsdvcbhpjd47npqvzvdbdhywzfkms-texlive-combined-full-2025.2025070
3-texmfdist/tex/generic/pdfescape/pdfescape.sty
Package: pdfescape 2019/12/09 v1.15 Implements pdfTeX's escape features (HO)

(/nix/store/j9qnsdvcbhpjd47npqvzvdbdhywzfkms-texlive-combined-full-2025.2025070
3-texmfdist/tex/generic/pdftexcmds/pdftexcmds.sty
Package: pdftexcmds 2020-06-27 v0.33 Utility functions of pdfTeX for LuaTeX (HO
)

(/nix/store/j9qnsdvcbhpjd47npqvzvdbdhywzfkms-texlive-combined-full-2025.2025070
3-texmfdist/tex/generic/infwarerr/infwarerr.sty
Package: infwarerr 2019/12/03 v1.5 Providing info/warning/error messages (HO)
)
Package pdftexcmds Info: \pdf@primitive is available.
Package pdftexcmds Info: \pdf@ifprimitive is available.
Package pdftexcmds Info: \pdfdraftmode found.
))
(/nix/store/j9qnsdvcbhpjd47npqvzvdbdhywzfkms-texlive-combined-full-2025.2025070
3-texmfdist/tex/latex/hycolor/hycolor.sty
Package: hycolor 2020-01-27 v1.10 Color options for hyperref/bookmark (HO)
)
(/nix/store/j9qnsdvcbhpjd47npqvzvdbdhywzfkms-texlive-combined-full-2025.2025070
3-texmfdist/tex/latex/hyperref/nameref.sty
Package: nameref 2025-06-21 v2.57 Cross-referencing by name of section

(/nix/store/j9qnsdvcbhpjd47npqvzvdbdhywzfkms-texlive-combined-full-2025.2025070
3-texmfdist/tex/latex/refcount/refcount.sty
Package: refcount 2019/12/15 v3.6 Data extraction from label references (HO)
)
(/nix/store/j9qnsdvcbhpjd47npqvzvdbdhywzfkms-texlive-combined-full-2025.2025070
3-texmfdist/tex/generic/gettitlestring/gettitlestring.sty
Package: gettitlestring 2019/12/15 v1.6 Cleanup title references (HO)
)
\c@section@level=\count304
)
(/nix/store/j9qnsdvcbhpjd47npqvzvdbdhywzfkms-texlive-combined-full-2025.2025070
3-texmfdist/tex/generic/stringenc/stringenc.sty
Package: stringenc 2019/11/29 v1.12 Convert strings between diff. encodings (HO
)
)
\@linkdim=\dimen173
\Hy@linkcounter=\count305
\Hy@pagecounter=\count306

(/nix/store/j9qnsdvcbhpjd47npqvzvdbdhywzfkms-texlive-combined-full-2025.2025070
3-texmfdist/tex/latex/hyperref/pd1enc.def
File: pd1enc.def 2025-06-21 v7.01n Hyperref: PDFDocEncoding definition (HO)
Now handling font encoding PD1 ...
... no UTF-8 mapping file for font encoding PD1
)
(/nix/store/j9qnsdvcbhpjd47npqvzvdbdhywzfkms-texlive-combined-full-2025.2025070
3-texmfdist/tex/generic/intcalc/intcalc.sty
Package: intcalc 2019/12/15 v1.3 Expandable calculations with integers (HO)
)
\Hy@SavedSpaceFactor=\count307

(/nix/store/j9qnsdvcbhpjd47npqvzvdbdhywzfkms-texlive-combined-full-2025.2025070
3-texmfdist/tex/latex/hyperref/puenc.def
File: puenc.def 2025-06-21 v7.01n Hyperref: PDF Unicode definition (HO)
Now handling font encoding PU ...
... no UTF-8 mapping file for font encoding PU
)
Package hyperref Info: Option `unicode' set `true' on input line 4052.
Package hyperref Info: Hyper figures OFF on input line 4181.
Package hyperref Info: Link nesting OFF on input line 4186.
Package hyperref Info: Hyper index ON on input line 4189.
Package hyperref Info: Plain pages OFF on input line 4196.
Package hyperref Info: Backreferencing OFF on input line 4201.
Package hyperref Info: Implicit mode ON; LaTeX internals redefined.
Package hyperref Info: Bookmarks ON on input line 4448.
\c@Hy@tempcnt=\count308

(/nix/store/j9qnsdvcbhpjd47npqvzvdbdhywzfkms-texlive-combined-full-2025.2025070
3-texmfdist/tex/latex/url/url.sty
\Urlmuskip=\muskip18
Package: url 2013/09/16  ver 3.4  Verb mode for urls, etc.
)
LaTeX Info: Redefining \url on input line 4787.
\XeTeXLinkMargin=\dimen174

(/nix/store/j9qnsdvcbhpjd47npqvzvdbdhywzfkms-texlive-combined-full-2025.2025070
3-texmfdist/tex/generic/bitset/bitset.sty
Package: bitset 2019/12/09 v1.3 Handle bit-vector datatype (HO)

(/nix/store/j9qnsdvcbhpjd47npqvzvdbdhywzfkms-texlive-combined-full-2025.2025070
3-texmfdist/tex/generic/bigintcalc/bigintcalc.sty
Package: bigintcalc 2019/12/15 v1.5 Expandable calculations on big integers (HO
)
))
\Fld@menulength=\count309
\Field@Width=\dimen175
\Fld@charsize=\dimen176
Package hyperref Info: Hyper figures OFF on input line 6066.
Package hyperref Info: Link nesting OFF on input line 6071.
Package hyperref Info: Hyper index ON on input line 6074.
Package hyperref Info: backreferencing OFF on input line 6081.
Package hyperref Info: Link coloring OFF on input line 6086.
Package hyperref Info: Link coloring with OCG OFF on input line 6091.
Package hyperref Info: PDF/A mode OFF on input line 6096.
\Hy@abspage=\count310
\c@Item=\count311
\c@Hfootnote=\count312
)
Package hyperref Info: Driver (autodetected): hpdftex.

(/nix/store/j9qnsdvcbhpjd47npqvzvdbdhywzfkms-texlive-combined-full-2025.2025070
3-texmfdist/tex/latex/hyperref/hpdftex.def
File: hpdftex.def 2025-06-21 v7.01n Hyperref driver for pdfTeX
\Fld@listcount=\count313
\c@bookmark@seq@number=\count314

(/nix/store/j9qnsdvcbhpjd47npqvzvdbdhywzfkms-texlive-combined-full-2025.2025070
3-texmfdist/tex/latex/rerunfilecheck/rerunfilecheck.sty
Package: rerunfilecheck 2025-06-21 v1.11 Rerun checks for auxiliary files (HO)

(/nix/store/j9qnsdvcbhpjd47npqvzvdbdhywzfkms-texlive-combined-full-2025.2025070
3-texmfdist/tex/generic/uniquecounter/uniquecounter.sty
Package: uniquecounter 2019/12/15 v1.4 Provide unlimited unique counter (HO)
)
Package uniquecounter Info: New unique counter `rerunfilecheck' on input line 2
84.
)
\Hy@SectionHShift=\skip56
)
(/nix/store/j9qnsdvcbhpjd47npqvzvdbdhywzfkms-texlive-combined-full-2025.2025070
3-texmfdist/tex/latex/bookmark/bkm-pdftex.def
File: bkm-pdftex.def 2023-12-10 v1.31 bookmark driver for pdfTeX and luaTeX (HO
)
\BKM@id=\count315
))
(/nix/store/j9qnsdvcbhpjd47npqvzvdbdhywzfkms-texlive-combined-full-2025.2025070
3-texmfdist/tex/latex/xurl/xurl.sty
Package: xurl 2022/01/09 v 0.10 modify URL breaks
)
LaTeX Font Info:    Trying to load font information for T1+lmr on input line 11
1.

(/nix/store/j9qnsdvcbhpjd47npqvzvdbdhywzfkms-texlive-combined-full-2025.2025070
3-texmfdist/tex/latex/lm/t1lmr.fd
File: t1lmr.fd 2015/05/01 v1.6.1 Font defs for Latin Modern
)
(/nix/store/j9qnsdvcbhpjd47npqvzvdbdhywzfkms-texlive-combined-full-2025.2025070
3-texmfdist/tex/latex/l3backend/l3backend-pdftex.def
File: l3backend-pdftex.def 2025-06-09 L3 backend support: PDF output (pdfTeX)
\l__color_backend_stack_int=\count316
)
No file Lab3.aux.
\openout1 = `Lab3.aux'.

LaTeX Font Info:    Checking defaults for OML/cmm/m/it on input line 111.
LaTeX Font Info:    ... okay on input line 111.
LaTeX Font Info:    Checking defaults for OMS/cmsy/m/n on input line 111.
LaTeX Font Info:    ... okay on input line 111.
LaTeX Font Info:    Checking defaults for OT1/cmr/m/n on input line 111.
LaTeX Font Info:    ... okay on input line 111.
LaTeX Font Info:    Checking defaults for T1/cmr/m/n on input line 111.
LaTeX Font Info:    ... okay on input line 111.
LaTeX Font Info:    Checking defaults for TS1/cmr/m/n on input line 111.
LaTeX Font Info:    ... okay on input line 111.
LaTeX Font Info:    Checking defaults for OMX/cmex/m/n on input line 111.
LaTeX Font Info:    ... okay on input line 111.
LaTeX Font Info:    Checking defaults for U/cmr/m/n on input line 111.
LaTeX Font Info:    ... okay on input line 111.
LaTeX Font Info:    Checking defaults for PD1/pdf/m/n on input line 111.
LaTeX Font Info:    ... okay on input line 111.
LaTeX Font Info:    Checking defaults for PU/pdf/m/n on input line 111.
LaTeX Font Info:    ... okay on input line 111.

(/nix/store/j9qnsdvcbhpjd47npqvzvdbdhywzfkms-texlive-combined-full-2025.2025070
3-texmfdist/tex/context/base/mkii/supp-pdf.mkii
[Loading MPS to PDF converter (version 2006.09.02).]
\scratchcounter=\count317
\scratchdimen=\dimen177
\scratchbox=\box58
\nofMPsegments=\count318
\nofMParguments=\count319
\everyMPshowfont=\toks28
\MPscratchCnt=\count320
\MPscratchDim=\dimen178
\MPnumerator=\count321
\makeMPintoPDFobject=\count322
\everyMPtoPDFconversion=\toks29
)
(/nix/store/j9qnsdvcbhpjd47npqvzvdbdhywzfkms-texlive-combined-full-2025.2025070
3-texmfdist/tex/latex/epstopdf-pkg/epstopdf-base.sty
Package: epstopdf-base 2020-01-24 v2.11 Base part for package epstopdf
Package epstopdf-base Info: Redefining graphics rule for `.eps' on input line 4
85.

(/nix/store/j9qnsdvcbhpjd47npqvzvdbdhywzfkms-texlive-combined-full-2025.2025070
3-texmfdist/tex/latex/latexconfig/epstopdf-sys.cfg
File: epstopdf-sys.cfg 2010/07/13 v1.3 Configuration of (r)epstopdf for TeX Liv
e
))
*geometry* driver: auto-detecting
*geometry* detected driver: pdftex
*geometry* verbose mode - [ preamble ] result:
* driver: pdftex
* paper: <default>
* layout: <same size as paper>
* layoutoffset:(h,v)=(0.0pt,0.0pt)
* modes: 
* h-part:(L,W,R)=(72.26999pt, 469.75502pt, 72.26999pt)
* v-part:(T,H,B)=(72.26999pt, 650.43001pt, 72.26999pt)
* \paperwidth=614.295pt
* \paperheight=794.96999pt
* \textwidth=469.75502pt
* \textheight=650.43001pt
* \oddsidemargin=0.0pt
* \evensidemargin=0.0pt
* \topmargin=-37.0pt
* \headheight=12.0pt
* \headsep=25.0pt
* \topskip=10.0pt
* \footskip=30.0pt
* \marginparwidth=65.0pt
* \marginparsep=11.0pt
* \columnsep=10.0pt
* \skip\footins=9.0pt plus 4.0pt minus 2.0pt
* \hoffset=0.0pt
* \voffset=0.0pt
* \mag=1000
* \@twocolumnfalse
* \@twosidefalse
* \@mparswitchfalse
* \@reversemarginfalse
* (1in=72.27pt=25.4mm, 1cm=28.453pt)

LaTeX Info: Redefining \microtypecontext on input line 111.
Package microtype Info: Applying patch `item' on input line 111.
Package microtype Info: Applying patch `toc' on input line 111.
Package microtype Info: Applying patch `eqnum' on input line 111.
Package microtype Info: Applying patch `footnote' on input line 111.
Package microtype Info: Applying patch `verbatim' on input line 111.
LaTeX Info: Redefining \microtypesetup on input line 111.
Package microtype Info: Generating PDF output.
Package microtype Info: Character protrusion enabled (level 2).
Package microtype Info: Using protrusion set `basicmath'.
Package microtype Info: Automatic font expansion enabled (level 2),
(microtype)             stretch: 20, shrink: 20, step: 1, non-selected.
Package microtype Info: Using default expansion set `alltext-nott'.

LaTeX Warning: Command \showhyphens   has changed.
               Check if current package is valid.

LaTeX Info: Redefining \showhyphens on input line 111.
Package microtype Info: No adjustment of tracking.
Package microtype Info: No adjustment of interword spacing.
Package microtype Info: No adjustment of character kerning.

(/nix/store/j9qnsdvcbhpjd47npqvzvdbdhywzfkms-texlive-combined-full-2025.2025070
3-texmfdist/tex/latex/microtype/mt-cmr.cfg
File: mt-cmr.cfg 2013/05/19 v2.2 microtype config. file: Computer Modern Roman 
(RS)
)
Package hyperref Info: Link coloring OFF on input line 111.
LaTeX Font Info:    Trying to load font information for OT1+lmr on input line 1
13.

(/nix/store/j9qnsdvcbhpjd47npqvzvdbdhywzfkms-texlive-combined-full-2025.2025070
3-texmfdist/tex/latex/lm/ot1lmr.fd
File: ot1lmr.fd 2015/05/01 v1.6.1 Font defs for Latin Modern
)
LaTeX Font Info:    Trying to load font information for OML+lmm on input line 1
13.

(/nix/store/j9qnsdvcbhpjd47npqvzvdbdhywzfkms-texlive-combined-full-2025.2025070
3-texmfdist/tex/latex/lm/omllmm.fd
File: omllmm.fd 2015/05/01 v1.6.1 Font defs for Latin Modern
)
LaTeX Font Info:    Trying to load font information for OMS+lmsy on input line 
113.

(/nix/store/j9qnsdvcbhpjd47npqvzvdbdhywzfkms-texlive-combined-full-2025.2025070
3-texmfdist/tex/latex/lm/omslmsy.fd
File: omslmsy.fd 2015/05/01 v1.6.1 Font defs for Latin Modern
)
LaTeX Font Info:    Trying to load font information for OMX+lmex on input line 
113.

(/nix/store/j9qnsdvcbhpjd47npqvzvdbdhywzfkms-texlive-combined-full-2025.2025070
3-texmfdist/tex/latex/lm/omxlmex.fd
File: omxlmex.fd 2015/05/01 v1.6.1 Font defs for Latin Modern
)
LaTeX Font Info:    External font `lmex10' loaded for size
(Font)              <12> on input line 113.
LaTeX Font Info:    External font `lmex10' loaded for size
(Font)              <8> on input line 113.
LaTeX Font Info:    External font `lmex10' loaded for size
(Font)              <6> on input line 113.
LaTeX Font Info:    Trying to load font information for U+msa on input line 113
.

(/nix/store/j9qnsdvcbhpjd47npqvzvdbdhywzfkms-texlive-combined-full-2025.2025070
3-texmfdist/tex/latex/amsfonts/umsa.fd
File: umsa.fd 2013/01/14 v3.01 AMS symbols A
)
(/nix/store/j9qnsdvcbhpjd47npqvzvdbdhywzfkms-texlive-combined-full-2025.2025070
3-texmfdist/tex/latex/microtype/mt-msa.cfg
File: mt-msa.cfg 2006/02/04 v1.1 microtype config. file: AMS symbols (a) (RS)
)
LaTeX Font Info:    Trying to load font information for U+msb on input line 113
.

(/nix/store/j9qnsdvcbhpjd47npqvzvdbdhywzfkms-texlive-combined-full-2025.2025070
3-texmfdist/tex/latex/amsfonts/umsb.fd
File: umsb.fd 2013/01/14 v3.01 AMS symbols B
)
(/nix/store/j9qnsdvcbhpjd47npqvzvdbdhywzfkms-texlive-combined-full-2025.2025070
3-texmfdist/tex/latex/microtype/mt-msb.cfg
File: mt-msb.cfg 2005/06/01 v1.0 microtype config. file: AMS symbols (b) (RS)
)
LaTeX Font Info:    Trying to load font information for T1+lmtt on input line 1
15.

(/nix/store/j9qnsdvcbhpjd47npqvzvdbdhywzfkms-texlive-combined-full-2025.2025070
3-texmfdist/tex/latex/lm/t1lmtt.fd
File: t1lmtt.fd 2015/05/01 v1.6.1 Font defs for Latin Modern
)
LaTeX Font Info:    Font shape `T1/lmtt/bx/n' in size <10> not available
(Font)              Font shape `T1/lmtt/b/n' tried instead on input line 116.

Overfull \hbox (2050.23766pt too wide) in paragraph at lines 322--322
[]\T1/lmtt/m/n/10 ##                                                           
                                                                               
                                                                               
                                                                               
                                                                               
                                                                               
             description[] 
 []


Overfull \hbox (2050.23766pt too wide) in paragraph at lines 322--322
[]\T1/lmtt/m/n/10 ## 1                                                         
                                                                               
                                                                               
                                                                               
         Great central  location for walking to Convention Center, Rainey Stree
t, East 6th Street, Downtown, Congress Ave Bats.<br /><br />  Free wifi<br /><b
r />No Smoking,  No pets[] 
 []


Overfull \hbox (2050.23766pt too wide) in paragraph at lines 322--322
[]\T1/lmtt/m/n/10 ## 2                                                         
                                                                  Clean, privat
e space with everything you need for a quiet, comfy, private stay close to Zilk
er Park and Barton Springs, the river, parks, trails, and downtown. King bed, v
aulted ceilings, high-speed fiber internet. Quality furnishings and amenities w
ill make you feel at home. We offer contactless check-in/checkout, if you like 
(and we are vaccinated).[] 
 []


Overfull \hbox (2050.23766pt too wide) in paragraph at lines 322--322
[]\T1/lmtt/m/n/10 ## 3 Studio rental on lower level of home located in a 1950s 
neighborhood less than two miles from downtown Austin and close to bus routes.<
br /><br />On stays less than 30 nights additional Austin city hotel taxes of 1
1% will be collected separately following confirmation of reservation.<br /><br
 />Texas state hotel taxes will be collected by Airbnb.<br /><br />Hotel taxes 
apply for all stays of 29 nights or less.  No hotel taxes are charged for renta
ls of 30 nights or more.[] 
 []


Overfull \hbox (2050.23766pt too wide) in paragraph at lines 322--322
[]\T1/lmtt/m/n/10 ## 4                                                         
                                                                               
                                                                               
                                  Comfortable 2 bedroom/2 bathroom home very ce
ntrally located on Austin's East Side. Walk to downtown, Whole Foods, Target, C
VS, plus endless local establishments and attractions here on the East Side.<br
 /><br />Sorry, no pets.[] 
 []


Overfull \hbox (2050.23766pt too wide) in paragraph at lines 322--322
[]\T1/lmtt/m/n/10 ## 5                                                         
                                                                               
                                                                               
                                                                               
                                                                               
        Fully furnished, centrally located, second story garage apartment (stud
io) for monthly rentals.[] 
 []


Overfull \hbox (874.24107pt too wide) in paragraph at lines 322--322
[]\T1/lmtt/m/n/10 ##                                                           
                                                                               
                                                                               
                neighborhood_overview[] 
 []


Overfull \hbox (874.24107pt too wide) in paragraph at lines 322--322
[]\T1/lmtt/m/n/10 ## 1 My neighborhood is ideally located if you want to walk t
o bars and restaurants downtown, East 6th Street or Rainey Street.  The Convent
ion Center is only 3 1/2 blocks away and a quick 10 minute walk. Whole foods st
ore located 5 blks , easily walkable.[] 
 []

LaTeX Font Info:    Trying to load font information for TS1+lmtt on input line 
322.

(/nix/store/j9qnsdvcbhpjd47npqvzvdbdhywzfkms-texlive-combined-full-2025.2025070
3-texmfdist/tex/latex/lm/ts1lmtt.fd
File: ts1lmtt.fd 2015/05/01 v1.6.1 Font defs for Latin Modern
)
Overfull \hbox (874.24107pt too wide) in paragraph at lines 322--322
[]\T1/lmtt/m/n/10 ## 2                                                         
                                                                               
                The neighborhood is fun and funky (but quiet)! People are frien
dly  and you can\TS1/lmtt/m/n/10 '\T1/lmtt/m/n/10 t beat the location.[] 
 []


Overfull \hbox (874.24107pt too wide) in paragraph at lines 322--322
[]\T1/lmtt/m/n/10 ## 4    East Cesar Chavez is a gentrifying urban area that re
mains highly diverse. Guests can walk to downtown, the Convention Center, Lady 
Bird Lake, Rainey Street, E. 6th Street, Franklin Barbecue, taco trailers, coff
ee shops, hot spots, and hidden gems.[] 
 []


Overfull \hbox (874.24107pt too wide) in paragraph at lines 322--322
[]\T1/lmtt/m/n/10 ## 5                                                         
                                                                               
                                                                     wikipedia:
 East_Riverside-Oltorf,_Austin,_Texas[] 
 []


Overfull \hbox (97.24333pt too wide) in paragraph at lines 322--322
[]\T1/lmtt/m/n/10 ##                                                           
                                    picture_url[] 
 []



[1

{/nix/store/bv83h3kxrxadiar0zymkvw3grj2k6wyr-texlive-combined-full-2025.2025070
3/share/texmf-var/fonts/map/pdftex/updmap/pdftex.map}{/nix/store/j9qnsdvcbhpjd4
7npqvzvdbdhywzfkms-texlive-combined-full-2025.20250703-texmfdist/fonts/enc/dvip
s/lm/lm-ec.enc}{/nix/store/j9qnsdvcbhpjd47npqvzvdbdhywzfkms-texlive-combined-fu
ll-2025.20250703-texmfdist/fonts/enc/dvips/lm/lm-ts1.enc}]
Overfull \hbox (97.24333pt too wide) in paragraph at lines 322--322
[]\T1/lmtt/m/n/10 ## 1                                         https://a0.musca
che.com/pictures/14084884/b5a35a84_original.jpg[] 
 []


Overfull \hbox (97.24333pt too wide) in paragraph at lines 322--322
[]\T1/lmtt/m/n/10 ## 2 https://a0.muscache.com/pictures/airflow/Hosting-6448/or
iginal/a0ab6e9c-58ed-4d57-acb1-60cb68b068e0.jpg[] 
 []


Overfull \hbox (97.24333pt too wide) in paragraph at lines 322--322
[]\T1/lmtt/m/n/10 ## 3   https://a0.muscache.com/pictures/miso/Hosting-8502/ori
ginal/be48ea3b-6d8a-4d9b-bc13-8aa514ef246a.jpeg[] 
 []


Overfull \hbox (97.24333pt too wide) in paragraph at lines 322--322
[]\T1/lmtt/m/n/10 ## 4  https://a0.muscache.com/pictures/miso/Hosting-13035/ori
ginal/00407f5f-ff1f-4653-8832-4fbeee901a83.jpeg[] 
 []


Overfull \hbox (97.24333pt too wide) in paragraph at lines 322--322
[]\T1/lmtt/m/n/10 ## 5  https://a0.muscache.com/pictures/miso/Hosting-22828/ori
ginal/91072e92-a641-4c30-85ee-4b527c6ccac8.jpeg[] 
 []


Overfull \hbox (2963.735pt too wide) in paragraph at lines 322--322
[]\T1/lmtt/m/n/10 ##                                                           
                                                                               
                                                                               
                                                                               
                                                                               
                                                                               
                                                                               
                                                                               
                              host_about[] 
 []


Overfull \hbox (2953.23503pt too wide) in paragraph at lines 322--322
[]\T1/lmtt/m/n/10 ## 1 I am a licensed Real Estate Broker and owner of Armadill
o Realty.  I attended The University of Texas at Austin and fell in love with t
he small town that it was back in 1979; I have been here every since.  I love t
he Art, Music and Film scene here in Austin.  There is so much natural beauty t
o enjoy as well. I especially enjoy Barton Springs Pool in the summertime along
 with the Zilker Hillside theater productions. SXSW, Austin City Limits Festiva
l and the East Austin Art Studio Tour are among my favorite events. I also enjo
y a sunset cruise on my canoe to Congress bridge to see the Mexican Freetail Ba
ts come out for their nightly feeding.[] 
 []


Overfull \hbox (2963.735pt too wide) in paragraph at lines 322--322
[]\T1/lmtt/m/n/10 ## 2                                                         
                                                                               
                                                                               
                                                                               
                                We are a family of four (with teenagers, all of
 us vaccinated). We love our home town and location... can\TS1/lmtt/m/n/10 '\T1
/lmtt/m/n/10 t beat the park, river, and downtown. We love having guests in our
 garage apartment... it\TS1/lmtt/m/n/10 '\T1/lmtt/m/n/10 s fun to talk to peopl
e about their lives, hometowns, and travels. We\TS1/lmtt/m/n/10 '\T1/lmtt/m/n/1
0 re happy to give recommendations and want you to be comfy.[] 
 []


Overfull \hbox (2963.735pt too wide) in paragraph at lines 322--322
[]\T1/lmtt/m/n/10 ## 3                                                         
                                                                               
                                                                               
                                                                               
                                                                               
             I handle the reservations at the studio on the lower level of a ho
use that belongs to a good friend of mine.  I really enjoy this part of town, a
nd it is great to be offering comfortable & homey lodging for people coming fro
m around the world to experience Austin.[] 
 []


Overfull \hbox (2963.735pt too wide) in paragraph at lines 322--322
[]\T1/lmtt/m/n/10 ## 4                                                         
                                                                               
                                                                               
                                                                               
                                 We\TS1/lmtt/m/n/10 '\T1/lmtt/m/n/10 re a respo
nsible, easygoing couple who enjoy Austin\TS1/lmtt/m/n/10 '\T1/lmtt/m/n/10 s fr
iendly atmosphere, good food, and great music. We enjoy gardening, reading, tra
vel, and renovating our hundred-year-old home bit by bit.\n\nOur best times in 
Austin are on bikes--you can see a lot, get some sun, and get around downtown w
ithout the hassle of a car.[] 
 []


Overfull \hbox (2963.735pt too wide) in paragraph at lines 322--322
[]\T1/lmtt/m/n/10 ## 5                                                         
                                                                               
                                                                               
                                                                               
                                                                               
                                                                               
                                                                               
                    Wyoming native living in Austin since 1996. I like to garde
n, read, cook, and work on DIY projects.[] 
 []


Overfull \hbox (76.2434pt too wide) in paragraph at lines 322--322
[]\T1/lmtt/m/n/10 ##                                                           
                         host_thumbnail_url[] 
 []


Overfull \hbox (76.2434pt too wide) in paragraph at lines 322--322
[]\T1/lmtt/m/n/10 ## 1  https://a0.muscache.com/im/users/8028/profile_pic/13298
82962/original.jpg?aki_policy=profile_small[] 
 []


Overfull \hbox (76.2434pt too wide) in paragraph at lines 322--322
[]\T1/lmtt/m/n/10 ## 2 https://a0.muscache.com/im/users/14156/profile_pic/14133
88190/original.jpg?aki_policy=profile_small[] 
 []


Overfull \hbox (76.2434pt too wide) in paragraph at lines 322--322
[]\T1/lmtt/m/n/10 ## 3 https://a0.muscache.com/im/users/25298/profile_pic/13308
79914/original.jpg?aki_policy=profile_small[] 
 []


Overfull \hbox (76.2434pt too wide) in paragraph at lines 322--322
[]\T1/lmtt/m/n/10 ## 4 https://a0.muscache.com/im/users/50793/profile_pic/13681
34658/original.jpg?aki_policy=profile_small[] 
 []


Overfull \hbox (76.2434pt too wide) in paragraph at lines 322--322
[]\T1/lmtt/m/n/10 ## 5 https://a0.muscache.com/im/users/56488/profile_pic/12810
61774/original.jpg?aki_policy=profile_small[] 
 []


Overfull \hbox (91.99335pt too wide) in paragraph at lines 322--322
[]\T1/lmtt/m/n/10 ##                                                           
                              host_picture_url[] 
 []


Overfull \hbox (91.99335pt too wide) in paragraph at lines 322--322
[]\T1/lmtt/m/n/10 ## 1  https://a0.muscache.com/im/users/8028/profile_pic/13298
82962/original.jpg?aki_policy=profile_x_medium[] 
 []


Overfull \hbox (91.99335pt too wide) in paragraph at lines 322--322
[]\T1/lmtt/m/n/10 ## 2 https://a0.muscache.com/im/users/14156/profile_pic/14133
88190/original.jpg?aki_policy=profile_x_medium[] 
 []


Overfull \hbox (91.99335pt too wide) in paragraph at lines 322--322
[]\T1/lmtt/m/n/10 ## 3 https://a0.muscache.com/im/users/25298/profile_pic/13308
79914/original.jpg?aki_policy=profile_x_medium[] 
 []


Overfull \hbox (91.99335pt too wide) in paragraph at lines 322--322
[]\T1/lmtt/m/n/10 ## 4 https://a0.muscache.com/im/users/50793/profile_pic/13681
34658/original.jpg?aki_policy=profile_x_medium[] 
 []


Overfull \hbox (91.99335pt too wide) in paragraph at lines 322--322
[]\T1/lmtt/m/n/10 ## 5 https://a0.muscache.com/im/users/56488/profile_pic/12810
61774/original.jpg?aki_policy=profile_x_medium[] 
 []



[2]
Overfull \hbox (5761.97687pt too wide) in paragraph at lines 322--322
[]\T1/lmtt/m/n/10 ##                                                           
                                                                               
                                                                               
                                                                               
                                                                               
                                                                               
                                                                               
                                                                               
                                                                               
                                                                               
                                                                               
                                                                               
                                                                               
                                                                               
                                                                               
           amenities[] 
 []


Overfull \hbox (5761.97687pt too wide) in paragraph at lines 322--322
[]\T1/lmtt/m/n/10 ## 1                                                         
                                                                               
                                                                               
                                                                               
                                                                               
                                                                               
                                                                               
                                                                               
                                                                               
        ["Iron", "Private entrance", "Hot water", "Dishes and silverware", "Ref
rigerator", "HDTV with Amazon Prime Video, HBO Max, Hulu, Netflix, Roku", "Self
 check-in", "Keypad", "Wifi", "Heating", "Hair dryer", "Bed linens", "Long term
 stays allowed", "Patio or balcony", "Smoke alarm", "Essentials", "Luggage drop
off allowed", "Air conditioning", "Exterior security cameras on property", "Sha
mpoo", "Extra pillows and blankets", "Coffee maker", "Microwave", "Kitchen", "B
ackyard", "Hangers"][] 
 []


Overfull \hbox (5761.97687pt too wide) in paragraph at lines 322--322
[]\T1/lmtt/m/n/10 ## 2 ["Private patio or balcony", "Stove", "Cleaning products
", "First aid kit", "Wine glasses", "Iron", "Free washer \\u2013 In building", 
"Ceiling fan", "Private entrance", "Outdoor furniture", "Hot water", "Shower ge
l", "Outlet covers", "Conditioner", "Refrigerator", "Dishes and silverware", "S
elf check-in", "Dining table", "Free parking on premises", "Keypad", "Wifi", "H
ot water kettle", "Outdoor dining area", "Hair dryer", "Room-darkening shades",
 "Bed linens", "Cooking basics", "TV", "Long term stays allowed", "Mini fridge"
, "Baking sheet", "Central air conditioning", "Oven", "Free dryer \\u2013 In bu
ilding", "Children\\u2019s books and toys", "Pack \\u2019n play/Travel crib", "
Smoke alarm", "Babysitter recommendations", "Central heating", "Essentials", "C
lothing storage: closet and dresser", "Ethernet connection", "Luggage dropoff a
llowed", "Changing table", "Dedicated workspace", "Fire extinguisher", "Crib", 
"Shampoo", "Body soap", "Extra pillows and blankets", "Coffee maker", "Toaster"
, "Carbon monoxide alarm", "Laundromat nearby", "Record player", "Microwave", "
Kitchen", "Board games", "Hangers", "Private backyard \\u2013 Fully fenced", "F
ree street parking"][] 
 []


Overfull \hbox (5761.97687pt too wide) in paragraph at lines 322--322
[]\T1/lmtt/m/n/10 ## 3                                                         
                                                                               
                                                                               
                                                                               
                                                                               
                                                                               
                                                                               
                                                                               
                                                                               
                                                                               
                                                                               
                                                                               
                                                                          ["Wif
i", "Smoke alarm", "Shampoo", "Heating", "Hair dryer", "Pets allowed", "Essenti
als", "Host greets you", "Free street parking", "Hot water", "Kitchen", "Centra
l air conditioning"][] 
 []


Overfull \hbox (5761.97687pt too wide) in paragraph at lines 322--322
[]\T1/lmtt/m/n/10 ## 4                                                         
                                                                               
                        ["Private patio or balcony", "Coffee", "Stove", "Cleani
ng products", "First aid kit", "Bathtub", "Wine glasses", "Iron", "Blender", "C
eiling fan", "Private entrance", "Outdoor furniture", "Dishwasher", "Hot water"
, "Shower gel", "Dishes and silverware", "Conditioner", "Refrigerator", "Freeze
r", "Coffee maker: drip coffee maker, pour-over coffee", "Self check-in", "Dini
ng table", "Wifi", "Hot water kettle", "Heating", "Hair dryer", "Bed linens", "
Cooking basics", "TV", "Long term stays allowed", "Baking sheet", "Central air 
conditioning", "Oven", "Dryer", "Smoke alarm", "Shared backyard \\u2013 Fully f
enced", "Free washer \\u2013 In unit", "Essentials", "Clothing storage: closet 
and dresser", "Free driveway parking on premises \\u2013 2 spaces", "Exterior s
ecurity cameras on property", "Dedicated workspace", "Fire extinguisher", "Lock
box", "Shampoo", "Body soap", "Sound system with aux", "Extra pillows and blank
ets", "Toaster", "Free street parking", "Carbon monoxide alarm", "Microwave", "
Kitchen", "Hangers"][] 
 []


Overfull \hbox (5761.97687pt too wide) in paragraph at lines 322--322
[]\T1/lmtt/m/n/10 ## 5                                                         
                                                                               
                                                                               
["AC - split type ductless system", "Cleaning products", "First aid kit", "Iron
", "Free washer \\u2013 In building", "Ceiling fan", "Private entrance", "Hot w
ater", "Dishes and silverware", "Refrigerator", "Freezer", "Dining table", "Por
table fans", "Wifi", "Drying rack for clothing", "Hot water kettle", "Hair drye
r", "Room-darkening shades", "Bed linens", "Cooking basics", "Long term stays a
llowed", "Baking sheet", "Oven", "Free dryer \\u2013 In building", "Smoke alarm
", "Essentials", "43 inch HDTV with Amazon Prime Video, Apple TV, Disney+, HBO 
Max, Hulu, Netflix", "Heating - split type ductless system", "Host greets you",
 "Other electric stove", "Luggage dropoff allowed", "Books and reading material
", "Exterior security cameras on property", "Clothing storage: walk-in closet, 
closet, and dresser", "Fire extinguisher", "Extra pillows and blankets", "Coffe
e maker", "Toaster", "Free street parking", "Laundromat nearby", "Microwave", "
Kitchen", "Hangers"][] 
 []



[3]

[4]

[5]

[6]

[7]
Underfull \vbox (badness 10000) detected at line 645
 []



[8]
Underfull \vbox (badness 10000) detected at line 645
 []


Underfull \vbox (badness 10000) detected at line 645
 []



[9]

[10]

[11]

[12]
Overfull \hbox (2050.23766pt too wide) in paragraph at lines 917--917
[]\T1/lmtt/m/n/10 ##                                                           
                                                                               
                                                                               
                                                                               
                                                                               
                                                                               
             description[] 
 []


Overfull \hbox (2050.23766pt too wide) in paragraph at lines 917--917
[]\T1/lmtt/m/n/10 ## 1                                                         
                                                                               
                                                                               
                                                                               
         Great central  location for walking to Convention Center, Rainey Stree
t, East 6th Street, Downtown, Congress Ave Bats.<br /><br />  Free wifi<br /><b
r />No Smoking,  No pets[] 
 []


Overfull \hbox (2050.23766pt too wide) in paragraph at lines 917--917
[]\T1/lmtt/m/n/10 ## 2                                                         
                                                                  Clean, privat
e space with everything you need for a quiet, comfy, private stay close to Zilk
er Park and Barton Springs, the river, parks, trails, and downtown. King bed, v
aulted ceilings, high-speed fiber internet. Quality furnishings and amenities w
ill make you feel at home. We offer contactless check-in/checkout, if you like 
(and we are vaccinated).[] 
 []


Overfull \hbox (2050.23766pt too wide) in paragraph at lines 917--917
[]\T1/lmtt/m/n/10 ## 3 Studio rental on lower level of home located in a 1950s 
neighborhood less than two miles from downtown Austin and close to bus routes.<
br /><br />On stays less than 30 nights additional Austin city hotel taxes of 1
1% will be collected separately following confirmation of reservation.<br /><br
 />Texas state hotel taxes will be collected by Airbnb.<br /><br />Hotel taxes 
apply for all stays of 29 nights or less.  No hotel taxes are charged for renta
ls of 30 nights or more.[] 
 []


Overfull \hbox (2050.23766pt too wide) in paragraph at lines 917--917
[]\T1/lmtt/m/n/10 ## 4                                                         
                                                                               
                                                                               
                                  Comfortable 2 bedroom/2 bathroom home very ce
ntrally located on Austin's East Side. Walk to downtown, Whole Foods, Target, C
VS, plus endless local establishments and attractions here on the East Side.<br
 /><br />Sorry, no pets.[] 
 []


Overfull \hbox (2050.23766pt too wide) in paragraph at lines 917--917
[]\T1/lmtt/m/n/10 ## 5                                                         
                                                                               
                                                                               
                                                                               
                                                                               
        Fully furnished, centrally located, second story garage apartment (stud
io) for monthly rentals.[] 
 []


Overfull \hbox (874.24107pt too wide) in paragraph at lines 917--917
[]\T1/lmtt/m/n/10 ##                                                           
                                                                               
                                                                               
                neighborhood_overview[] 
 []


Overfull \hbox (874.24107pt too wide) in paragraph at lines 917--917
[]\T1/lmtt/m/n/10 ## 1 My neighborhood is ideally located if you want to walk t
o bars and restaurants downtown, East 6th Street or Rainey Street.  The Convent
ion Center is only 3 1/2 blocks away and a quick 10 minute walk. Whole foods st
ore located 5 blks , easily walkable.[] 
 []


Overfull \hbox (874.24107pt too wide) in paragraph at lines 917--917
[]\T1/lmtt/m/n/10 ## 2                                                         
                                                                               
                The neighborhood is fun and funky (but quiet)! People are frien
dly  and you can\TS1/lmtt/m/n/10 '\T1/lmtt/m/n/10 t beat the location.[] 
 []


Overfull \hbox (874.24107pt too wide) in paragraph at lines 917--917
[]\T1/lmtt/m/n/10 ## 4    East Cesar Chavez is a gentrifying urban area that re
mains highly diverse. Guests can walk to downtown, the Convention Center, Lady 
Bird Lake, Rainey Street, E. 6th Street, Franklin Barbecue, taco trailers, coff
ee shops, hot spots, and hidden gems.[] 
 []


Overfull \hbox (874.24107pt too wide) in paragraph at lines 917--917
[]\T1/lmtt/m/n/10 ## 5                                                         
                                                                               
                                                                     wikipedia:
 East_Riverside-Oltorf,_Austin,_Texas[] 
 []


Overfull \hbox (97.24333pt too wide) in paragraph at lines 917--917
[]\T1/lmtt/m/n/10 ##                                                           
                                    picture_url[] 
 []


Overfull \hbox (97.24333pt too wide) in paragraph at lines 917--917
[]\T1/lmtt/m/n/10 ## 1                                         https://a0.musca
che.com/pictures/14084884/b5a35a84_original.jpg[] 
 []


Overfull \hbox (97.24333pt too wide) in paragraph at lines 917--917
[]\T1/lmtt/m/n/10 ## 2 https://a0.muscache.com/pictures/airflow/Hosting-6448/or
iginal/a0ab6e9c-58ed-4d57-acb1-60cb68b068e0.jpg[] 
 []


Overfull \hbox (97.24333pt too wide) in paragraph at lines 917--917
[]\T1/lmtt/m/n/10 ## 3   https://a0.muscache.com/pictures/miso/Hosting-8502/ori
ginal/be48ea3b-6d8a-4d9b-bc13-8aa514ef246a.jpeg[] 
 []


Overfull \hbox (97.24333pt too wide) in paragraph at lines 917--917
[]\T1/lmtt/m/n/10 ## 4  https://a0.muscache.com/pictures/miso/Hosting-13035/ori
ginal/00407f5f-ff1f-4653-8832-4fbeee901a83.jpeg[] 
 []


Overfull \hbox (97.24333pt too wide) in paragraph at lines 917--917
[]\T1/lmtt/m/n/10 ## 5  https://a0.muscache.com/pictures/miso/Hosting-22828/ori
ginal/91072e92-a641-4c30-85ee-4b527c6ccac8.jpeg[] 
 []



[13]
Overfull \hbox (2963.735pt too wide) in paragraph at lines 917--917
[]\T1/lmtt/m/n/10 ##                                                           
                                                                               
                                                                               
                                                                               
                                                                               
                                                                               
                                                                               
                                                                               
                              host_about[] 
 []


Overfull \hbox (2953.23503pt too wide) in paragraph at lines 917--917
[]\T1/lmtt/m/n/10 ## 1 I am a licensed Real Estate Broker and owner of Armadill
o Realty.  I attended The University of Texas at Austin and fell in love with t
he small town that it was back in 1979; I have been here every since.  I love t
he Art, Music and Film scene here in Austin.  There is so much natural beauty t
o enjoy as well. I especially enjoy Barton Springs Pool in the summertime along
 with the Zilker Hillside theater productions. SXSW, Austin City Limits Festiva
l and the East Austin Art Studio Tour are among my favorite events. I also enjo
y a sunset cruise on my canoe to Congress bridge to see the Mexican Freetail Ba
ts come out for their nightly feeding.[] 
 []


Overfull \hbox (2963.735pt too wide) in paragraph at lines 917--917
[]\T1/lmtt/m/n/10 ## 2                                                         
                                                                               
                                                                               
                                                                               
                                We are a family of four (with teenagers, all of
 us vaccinated). We love our home town and location... can\TS1/lmtt/m/n/10 '\T1
/lmtt/m/n/10 t beat the park, river, and downtown. We love having guests in our
 garage apartment... it\TS1/lmtt/m/n/10 '\T1/lmtt/m/n/10 s fun to talk to peopl
e about their lives, hometowns, and travels. We\TS1/lmtt/m/n/10 '\T1/lmtt/m/n/1
0 re happy to give recommendations and want you to be comfy.[] 
 []


Overfull \hbox (2963.735pt too wide) in paragraph at lines 917--917
[]\T1/lmtt/m/n/10 ## 3                                                         
                                                                               
                                                                               
                                                                               
                                                                               
             I handle the reservations at the studio on the lower level of a ho
use that belongs to a good friend of mine.  I really enjoy this part of town, a
nd it is great to be offering comfortable & homey lodging for people coming fro
m around the world to experience Austin.[] 
 []


Overfull \hbox (2963.735pt too wide) in paragraph at lines 917--917
[]\T1/lmtt/m/n/10 ## 4                                                         
                                                                               
                                                                               
                                                                               
                                 We\TS1/lmtt/m/n/10 '\T1/lmtt/m/n/10 re a respo
nsible, easygoing couple who enjoy Austin\TS1/lmtt/m/n/10 '\T1/lmtt/m/n/10 s fr
iendly atmosphere, good food, and great music. We enjoy gardening, reading, tra
vel, and renovating our hundred-year-old home bit by bit.\n\nOur best times in 
Austin are on bikes--you can see a lot, get some sun, and get around downtown w
ithout the hassle of a car.[] 
 []


Overfull \hbox (2963.735pt too wide) in paragraph at lines 917--917
[]\T1/lmtt/m/n/10 ## 5                                                         
                                                                               
                                                                               
                                                                               
                                                                               
                                                                               
                                                                               
                    Wyoming native living in Austin since 1996. I like to garde
n, read, cook, and work on DIY projects.[] 
 []


Overfull \hbox (76.2434pt too wide) in paragraph at lines 917--917
[]\T1/lmtt/m/n/10 ##                                                           
                         host_thumbnail_url[] 
 []


Overfull \hbox (76.2434pt too wide) in paragraph at lines 917--917
[]\T1/lmtt/m/n/10 ## 1  https://a0.muscache.com/im/users/8028/profile_pic/13298
82962/original.jpg?aki_policy=profile_small[] 
 []


Overfull \hbox (76.2434pt too wide) in paragraph at lines 917--917
[]\T1/lmtt/m/n/10 ## 2 https://a0.muscache.com/im/users/14156/profile_pic/14133
88190/original.jpg?aki_policy=profile_small[] 
 []


Overfull \hbox (76.2434pt too wide) in paragraph at lines 917--917
[]\T1/lmtt/m/n/10 ## 3 https://a0.muscache.com/im/users/25298/profile_pic/13308
79914/original.jpg?aki_policy=profile_small[] 
 []


Overfull \hbox (76.2434pt too wide) in paragraph at lines 917--917
[]\T1/lmtt/m/n/10 ## 4 https://a0.muscache.com/im/users/50793/profile_pic/13681
34658/original.jpg?aki_policy=profile_small[] 
 []


Overfull \hbox (76.2434pt too wide) in paragraph at lines 917--917
[]\T1/lmtt/m/n/10 ## 5 https://a0.muscache.com/im/users/56488/profile_pic/12810
61774/original.jpg?aki_policy=profile_small[] 
 []


Overfull \hbox (91.99335pt too wide) in paragraph at lines 917--917
[]\T1/lmtt/m/n/10 ##                                                           
                              host_picture_url[] 
 []


Overfull \hbox (91.99335pt too wide) in paragraph at lines 917--917
[]\T1/lmtt/m/n/10 ## 1  https://a0.muscache.com/im/users/8028/profile_pic/13298
82962/original.jpg?aki_policy=profile_x_medium[] 
 []


Overfull \hbox (91.99335pt too wide) in paragraph at lines 917--917
[]\T1/lmtt/m/n/10 ## 2 https://a0.muscache.com/im/users/14156/profile_pic/14133
88190/original.jpg?aki_policy=profile_x_medium[] 
 []


Overfull \hbox (91.99335pt too wide) in paragraph at lines 917--917
[]\T1/lmtt/m/n/10 ## 3 https://a0.muscache.com/im/users/25298/profile_pic/13308
79914/original.jpg?aki_policy=profile_x_medium[] 
 []


Overfull \hbox (91.99335pt too wide) in paragraph at lines 917--917
[]\T1/lmtt/m/n/10 ## 4 https://a0.muscache.com/im/users/50793/profile_pic/13681
34658/original.jpg?aki_policy=profile_x_medium[] 
 []


Overfull \hbox (91.99335pt too wide) in paragraph at lines 917--917
[]\T1/lmtt/m/n/10 ## 5 https://a0.muscache.com/im/users/56488/profile_pic/12810
61774/original.jpg?aki_policy=profile_x_medium[] 
 []


Overfull \hbox (5761.97687pt too wide) in paragraph at lines 917--917
[]\T1/lmtt/m/n/10 ##                                                           
                                                                               
                                                                               
                                                                               
                                                                               
                                                                               
                                                                               
                                                                               
                                                                               
                                                                               
                                                                               
                                                                               
                                                                               
                                                                               
                                                                               
           amenities[] 
 []


Overfull \hbox (5761.97687pt too wide) in paragraph at lines 917--917
[]\T1/lmtt/m/n/10 ## 1                                                         
                                                                               
                                                                               
                                                                               
                                                                               
                                                                               
                                                                               
                                                                               
                                                                               
        ["Iron", "Private entrance", "Hot water", "Dishes and silverware", "Ref
rigerator", "HDTV with Amazon Prime Video, HBO Max, Hulu, Netflix, Roku", "Self
 check-in", "Keypad", "Wifi", "Heating", "Hair dryer", "Bed linens", "Long term
 stays allowed", "Patio or balcony", "Smoke alarm", "Essentials", "Luggage drop
off allowed", "Air conditioning", "Exterior security cameras on property", "Sha
mpoo", "Extra pillows and blankets", "Coffee maker", "Microwave", "Kitchen", "B
ackyard", "Hangers"][] 
 []


Overfull \hbox (5761.97687pt too wide) in paragraph at lines 917--917
[]\T1/lmtt/m/n/10 ## 2 ["Private patio or balcony", "Stove", "Cleaning products
", "First aid kit", "Wine glasses", "Iron", "Free washer \\u2013 In building", 
"Ceiling fan", "Private entrance", "Outdoor furniture", "Hot water", "Shower ge
l", "Outlet covers", "Conditioner", "Refrigerator", "Dishes and silverware", "S
elf check-in", "Dining table", "Free parking on premises", "Keypad", "Wifi", "H
ot water kettle", "Outdoor dining area", "Hair dryer", "Room-darkening shades",
 "Bed linens", "Cooking basics", "TV", "Long term stays allowed", "Mini fridge"
, "Baking sheet", "Central air conditioning", "Oven", "Free dryer \\u2013 In bu
ilding", "Children\\u2019s books and toys", "Pack \\u2019n play/Travel crib", "
Smoke alarm", "Babysitter recommendations", "Central heating", "Essentials", "C
lothing storage: closet and dresser", "Ethernet connection", "Luggage dropoff a
llowed", "Changing table", "Dedicated workspace", "Fire extinguisher", "Crib", 
"Shampoo", "Body soap", "Extra pillows and blankets", "Coffee maker", "Toaster"
, "Carbon monoxide alarm", "Laundromat nearby", "Record player", "Microwave", "
Kitchen", "Board games", "Hangers", "Private backyard \\u2013 Fully fenced", "F
ree street parking"][] 
 []


Overfull \hbox (5761.97687pt too wide) in paragraph at lines 917--917
[]\T1/lmtt/m/n/10 ## 3                                                         
                                                                               
                                                                               
                                                                               
                                                                               
                                                                               
                                                                               
                                                                               
                                                                               
                                                                               
                                                                               
                                                                               
                                                                          ["Wif
i", "Smoke alarm", "Shampoo", "Heating", "Hair dryer", "Pets allowed", "Essenti
als", "Host greets you", "Free street parking", "Hot water", "Kitchen", "Centra
l air conditioning"][] 
 []


Overfull \hbox (5761.97687pt too wide) in paragraph at lines 917--917
[]\T1/lmtt/m/n/10 ## 4                                                         
                                                                               
                        ["Private patio or balcony", "Coffee", "Stove", "Cleani
ng products", "First aid kit", "Bathtub", "Wine glasses", "Iron", "Blender", "C
eiling fan", "Private entrance", "Outdoor furniture", "Dishwasher", "Hot water"
, "Shower gel", "Dishes and silverware", "Conditioner", "Refrigerator", "Freeze
r", "Coffee maker: drip coffee maker, pour-over coffee", "Self check-in", "Dini
ng table", "Wifi", "Hot water kettle", "Heating", "Hair dryer", "Bed linens", "
Cooking basics", "TV", "Long term stays allowed", "Baking sheet", "Central air 
conditioning", "Oven", "Dryer", "Smoke alarm", "Shared backyard \\u2013 Fully f
enced", "Free washer \\u2013 In unit", "Essentials", "Clothing storage: closet 
and dresser", "Free driveway parking on premises \\u2013 2 spaces", "Exterior s
ecurity cameras on property", "Dedicated workspace", "Fire extinguisher", "Lock
box", "Shampoo", "Body soap", "Sound system with aux", "Extra pillows and blank
ets", "Toaster", "Free street parking", "Carbon monoxide alarm", "Microwave", "
Kitchen", "Hangers"][] 
 []


Overfull \hbox (5761.97687pt too wide) in paragraph at lines 917--917
[]\T1/lmtt/m/n/10 ## 5                                                         
                                                                               
                                                                               
["AC - split type ductless system", "Cleaning products", "First aid kit", "Iron
", "Free washer \\u2013 In building", "Ceiling fan", "Private entrance", "Hot w
ater", "Dishes and silverware", "Refrigerator", "Freezer", "Dining table", "Por
table fans", "Wifi", "Drying rack for clothing", "Hot water kettle", "Hair drye
r", "Room-darkening shades", "Bed linens", "Cooking basics", "Long term stays a
llowed", "Baking sheet", "Oven", "Free dryer \\u2013 In building", "Smoke alarm
", "Essentials", "43 inch HDTV with Amazon Prime Video, Apple TV, Disney+, HBO 
Max, Hulu, Netflix", "Heating - split type ductless system", "Host greets you",
 "Other electric stove", "Luggage dropoff allowed", "Books and reading material
", "Exterior security cameras on property", "Clothing storage: walk-in closet, 
closet, and dresser", "Fire extinguisher", "Extra pillows and blankets", "Coffe
e maker", "Toaster", "Free street parking", "Laundromat nearby", "Microwave", "
Kitchen", "Hangers"][] 
 []



[14]
Overfull \hbox (606.49185pt too wide) in paragraph at lines 1026--1026
[]\T1/lmtt/m/n/10 ##  $ listing_url                                 : chr  "htt
ps://www.airbnb.com/rooms/5456" "https://www.airbnb.com/rooms/6448" "https://ww
w.airbnb.com/rooms/8502" "https://www.airbnb.com/rooms/13035" ...[] 
 []


Overfull \hbox (81.49338pt too wide) in paragraph at lines 1026--1026
[]\T1/lmtt/m/n/10 ##  $ scrape_id                                   : num  2.03
e+13 2.03e+13 2.03e+13 2.03e+13 2.03e+13 ...[] 
 []


Overfull \hbox (118.24327pt too wide) in paragraph at lines 1026--1026
[]\T1/lmtt/m/n/10 ##  $ last_scraped                                : chr  "202
5-09-17" "2025-09-17" "2025-09-17" "2025-09-17" ...[] 
 []


Overfull \hbox (139.24321pt too wide) in paragraph at lines 1026--1026
[]\T1/lmtt/m/n/10 ##  $ source                                      : chr  "cit
y scrape" "city scrape" "city scrape" "city scrape" ...[] 
 []


Overfull \hbox (742.99146pt too wide) in paragraph at lines 1026--1026
[]\T1/lmtt/m/n/10 ##  $ name                                        : chr  "Wal
k to 6th, Rainey St and Convention Ctr" "Secluded Studio @ Zilker - King Bed, B
right & Airy" "Woodland Studio Lodging" "Historic house in highly walkable East
 Austin" ...[] 
 []


Overfull \hbox (2554.23619pt too wide) in paragraph at lines 1026--1026
[]\T1/lmtt/m/n/10 ##  $ description                                 : chr  "Gre
at central  location for walking to Convention Center, Rainey Street, East 6th 
Street, Downtown, Congress Av"| __truncated__ "Clean, private space with everyt
hing you need for a quiet, comfy, private stay close to Zilker Park and Barton 
"| __truncated__ "Studio rental on lower level of home located in a 1950s neigh
borhood less than two miles from downtown Austin a"| __truncated__ "Comfortable
 2 bedroom/2 bathroom home very centrally located on Austin's East Side. Walk t
o downtown, Whole Foo"| __truncated__ ...[] 
 []


Overfull \hbox (1756.23851pt too wide) in paragraph at lines 1026--1026
[]\T1/lmtt/m/n/10 ##  $ neighborhood_overview                       : chr  "My 
neighborhood is ideally located if you want to walk to bars and restaurants dow
ntown, East 6th Street or Rai"| __truncated__ "The neighborhood is fun and funk
y (but quiet)! People are friendly  and you can\TS1/lmtt/m/n/10 '\T1/lmtt/m/n/1
0 t beat the location." "" "East Cesar Chavez is a gentrifying urban area that 
remains highly diverse. Guests can walk to downtown, the Con"| __truncated__ ..
.[] 
 []


Overfull \hbox (1845.48825pt too wide) in paragraph at lines 1026--1026
[]\T1/lmtt/m/n/10 ##  $ picture_url                                 : chr  "htt
ps://a0.muscache.com/pictures/14084884/b5a35a84_original.jpg" "https://a0.musca
che.com/pictures/airflow/Hosting-6448/original/a0ab6e9c-58ed-4d57-acb1-60cb68b0
68e0.jpg" "https://a0.muscache.com/pictures/miso/Hosting-8502/original/be48ea3b
-6d8a-4d9b-bc13-8aa514ef246a.jpeg" "https://a0.muscache.com/pictures/miso/Hosti
ng-13035/original/00407f5f-ff1f-4653-8832-4fbeee901a83.jpeg" ...[] 
 []


Overfull \hbox (181.24309pt too wide) in paragraph at lines 1026--1026
[]\T1/lmtt/m/n/10 ##  $ host_id                                     : int  8028
 14156 25298 50793 56488 215917 230747 272156 268988 378744 ...[] 
 []


Overfull \hbox (721.99152pt too wide) in paragraph at lines 1026--1026
[]\T1/lmtt/m/n/10 ##  $ host_url                                    : chr  "htt
ps://www.airbnb.com/users/show/8028" "https://www.airbnb.com/users/show/14156" 
"https://www.airbnb.com/users/show/25298" "https://www.airbnb.com/users/show/50
793" ...[] 
 []


Overfull \hbox (44.74348pt too wide) in paragraph at lines 1026--1026
[]\T1/lmtt/m/n/10 ##  $ host_name                                   : chr  "Syl
via" "Amy" "Karen" "Margaret Ann" ...[] 
 []


Overfull \hbox (118.24327pt too wide) in paragraph at lines 1026--1026
[]\T1/lmtt/m/n/10 ##  $ host_since                                  : chr  "200
9-02-16" "2009-04-20" "2009-07-11" "2009-11-02" ...[] 
 []


Overfull \hbox (118.24327pt too wide) in paragraph at lines 1026--1026
[]\T1/lmtt/m/n/10 ##  $ host_location                               : chr  "Aus
tin, TX" "Austin, TX" "Austin, TX" "Austin, TX" ...[] 
 []


Overfull \hbox (2554.23619pt too wide) in paragraph at lines 1026--1026
[]\T1/lmtt/m/n/10 ##  $ host_about                                  : chr  "I a
m a licensed Real Estate Broker and owner of Armadillo Realty.  I attended The 
University of Texas at Austin"| __truncated__ "We are a family of four (with te
enagers, all of us vaccinated). We love our home town and location... can\TS1/l
mtt/m/n/10 '\T1/lmtt/m/n/10 t bea"| __truncated__ "I handle the reservations at
 the studio on the lower level of a house that belongs to a good friend of mine
.  I"| __truncated__ "We\TS1/lmtt/m/n/10 '\T1/lmtt/m/n/10 re a responsible, eas
ygoing couple who enjoy Austin\TS1/lmtt/m/n/10 '\T1/lmtt/m/n/10 s friendly atmo
sphere, good food, and great music. We en"| __truncated__ ...[] 
 []


Overfull \hbox (212.743pt too wide) in paragraph at lines 1026--1026
[]\T1/lmtt/m/n/10 ##  $ host_response_time                          : chr  "wit
hin a few hours" "within an hour" "within a day" "within an hour" ...[] 
 []


Overfull \hbox (1981.98785pt too wide) in paragraph at lines 1026--1026
[]\T1/lmtt/m/n/10 ##  $ host_thumbnail_url                          : chr  "htt
ps://a0.muscache.com/im/users/8028/profile_pic/1329882962/original.jpg?aki_poli
cy=profile_small" "https://a0.muscache.com/im/users/14156/profile_pic/141338819
0/original.jpg?aki_policy=profile_small" "https://a0.muscache.com/im/users/2529
8/profile_pic/1330879914/original.jpg?aki_policy=profile_small" "https://a0.mus
cache.com/im/users/50793/profile_pic/1368134658/original.jpg?aki_policy=profile
_small" ...[] 
 []


Overfull \hbox (2044.98767pt too wide) in paragraph at lines 1026--1026
[]\T1/lmtt/m/n/10 ##  $ host_picture_url                            : chr  "htt
ps://a0.muscache.com/im/users/8028/profile_pic/1329882962/original.jpg?aki_poli
cy=profile_x_medium" "https://a0.muscache.com/im/users/14156/profile_pic/141338
8190/original.jpg?aki_policy=profile_x_medium" "https://a0.muscache.com/im/user
s/25298/profile_pic/1330879914/original.jpg?aki_policy=profile_x_medium" "https
://a0.muscache.com/im/users/50793/profile_pic/1368134658/original.jpg?aki_polic
y=profile_x_medium" ...[] 
 []


Overfull \hbox (149.74318pt too wide) in paragraph at lines 1026--1026
[]\T1/lmtt/m/n/10 ##  $ host_neighbourhood                          : chr  "Eas
t Downtown" "Zilker" "East Riverside" "East Downtown" ...[] 
 []


Overfull \hbox (286.24278pt too wide) in paragraph at lines 1026--1026
[]\T1/lmtt/m/n/10 ##  $ host_verifications                          : chr  "[\T
S1/lmtt/m/n/10 '\T1/lmtt/m/n/10 email\TS1/lmtt/m/n/10 '\T1/lmtt/m/n/10 , \TS1/l
mtt/m/n/10 '\T1/lmtt/m/n/10 phone\TS1/lmtt/m/n/10 '\T1/lmtt/m/n/10 ]" "[\TS1/lm
tt/m/n/10 '\T1/lmtt/m/n/10 email\TS1/lmtt/m/n/10 '\T1/lmtt/m/n/10 , \TS1/lmtt/m
/n/10 '\T1/lmtt/m/n/10 phone\TS1/lmtt/m/n/10 '\T1/lmtt/m/n/10 ]" "[\TS1/lmtt/m/
n/10 '\T1/lmtt/m/n/10 email\TS1/lmtt/m/n/10 '\T1/lmtt/m/n/10 , \TS1/lmtt/m/n/10
 '\T1/lmtt/m/n/10 phone\TS1/lmtt/m/n/10 '\T1/lmtt/m/n/10 ]" "[\TS1/lmtt/m/n/10 
'\T1/lmtt/m/n/10 email\TS1/lmtt/m/n/10 '\T1/lmtt/m/n/10 , \TS1/lmtt/m/n/10 '\T1
/lmtt/m/n/10 phone\TS1/lmtt/m/n/10 '\T1/lmtt/m/n/10 ]" ...[] 
 []



[15]
Overfull \hbox (270.49283pt too wide) in paragraph at lines 1026--1026
[]\T1/lmtt/m/n/10 ##  $ neighbourhood                               : chr  "Nei
ghborhood highlights" "Neighborhood highlights" "" "Neighborhood highlights" ..
.[] 
 []


Overfull \hbox (13.24358pt too wide) in paragraph at lines 1026--1026
[]\T1/lmtt/m/n/10 ##  $ neighbourhood_cleansed                      : chr  "787
02" "78704" "78741" "78702" ...[] 
 []


Overfull \hbox (2.7436pt too wide) in paragraph at lines 1026--1026
[]\T1/lmtt/m/n/10 ##  $ longitude                                   : num  -97.
7 -97.8 -97.7 -97.7 -97.7 ...[] 
 []


Overfull \hbox (238.99292pt too wide) in paragraph at lines 1026--1026
[]\T1/lmtt/m/n/10 ##  $ property_type                               : chr  "Ent
ire guesthouse" "Entire guesthouse" "Entire guest suite" "Entire home" ...[] 
 []


Overfull \hbox (223.24297pt too wide) in paragraph at lines 1026--1026
[]\T1/lmtt/m/n/10 ##  $ room_type                                   : chr  "Ent
ire home/apt" "Entire home/apt" "Entire home/apt" "Entire home/apt" ...[] 
 []


Overfull \hbox (39.4935pt too wide) in paragraph at lines 1026--1026
[]\T1/lmtt/m/n/10 ##  $ bathrooms_text                              : chr  "1 b
ath" "1 bath" "1 bath" "2 baths" ...[] 
 []


Overfull \hbox (2554.23619pt too wide) in paragraph at lines 1026--1026
[]\T1/lmtt/m/n/10 ##  $ amenities                                   : chr  "[\"
Iron\", \"Private entrance\", \"Hot water\", \"Dishes and silverware\", \"Refri
gerator\", \"HDTV with Amazon"| __truncated__ "[\"Private patio or balcony\", \
"Stove\", \"Cleaning products\", \"First aid kit\", \"Wine glasses\", \"Iron\",
"| __truncated__ "[\"Wifi\", \"Smoke alarm\", \"Shampoo\", \"Heating\", \"Hair 
dryer\", \"Pets allowed\", \"Essentials\", \"Host "| __truncated__ "[\"Private 
patio or balcony\", \"Coffee\", \"Stove\", \"Cleaning products\", \"First aid k
it\", \"Bathtub\", \""| __truncated__ ...[] 
 []


Overfull \hbox (44.74348pt too wide) in paragraph at lines 1026--1026
[]\T1/lmtt/m/n/10 ##  $ price                                       : chr  "$97
.00" "$160.00" "$38.00" "$145.00" ...[] 
 []


Overfull \hbox (34.24352pt too wide) in paragraph at lines 1026--1026
[]\T1/lmtt/m/n/10 ##  $ maximum_nights                              : int  90 3
65 90 150 365 120 365 365 30 60 ...[] 
 []


Overfull \hbox (49.99347pt too wide) in paragraph at lines 1026--1026
[]\T1/lmtt/m/n/10 ##  $ minimum_maximum_nights                      : int  90 1
125 90 150 365 120 365 365 30 1125 ...[] 
 []


Overfull \hbox (49.99347pt too wide) in paragraph at lines 1026--1026
[]\T1/lmtt/m/n/10 ##  $ maximum_maximum_nights                      : int  90 1
125 90 150 365 120 365 365 30 1125 ...[] 
 []


Overfull \hbox (39.4935pt too wide) in paragraph at lines 1026--1026
[]\T1/lmtt/m/n/10 ##  $ availability_365                            : int  328 
316 88 321 211 258 365 335 75 63 ...[] 
 []


Overfull \hbox (118.24327pt too wide) in paragraph at lines 1026--1026
[]\T1/lmtt/m/n/10 ##  $ calendar_last_scraped                       : chr  "202
5-09-17" "2025-09-17" "2025-09-17" "2025-09-17" ...[] 
 []


Overfull \hbox (23.74355pt too wide) in paragraph at lines 1026--1026
[]\T1/lmtt/m/n/10 ##  $ number_of_reviews                           : int  708 
339 54 19 56 9 2 1090 188 413 ...[] 
 []


Overfull \hbox (2.7436pt too wide) in paragraph at lines 1026--1026
[]\T1/lmtt/m/n/10 ##  $ availability_eoy                            : int  81 6
1 88 63 40 0 106 84 75 63 ...[] 
 []


Overfull \hbox (76.2434pt too wide) in paragraph at lines 1026--1026
[]\T1/lmtt/m/n/10 ##  $ estimated_revenue_l365d                     : int  1455
0 13440 304 4350 10440 0 0 23400 1980 0 ...[] 
 []


Overfull \hbox (118.24327pt too wide) in paragraph at lines 1026--1026
[]\T1/lmtt/m/n/10 ##  $ first_review                                : chr  "200
9-03-19" "2011-09-06" "2010-02-19" "2011-03-16" ...[] 
 []


Overfull \hbox (118.24327pt too wide) in paragraph at lines 1026--1026
[]\T1/lmtt/m/n/10 ##  $ last_review                                 : chr  "202
5-09-02" "2025-08-20" "2025-05-05" "2025-07-31" ...[] 
 []


Overfull \hbox (60.49344pt too wide) in paragraph at lines 1026--1026
[]\T1/lmtt/m/n/10 ##  $ review_scores_rating                        : num  4.85
 4.97 4.57 5 4.95 5 5 4.91 4.89 4.91 ...[] 
 []


Overfull \hbox (60.49344pt too wide) in paragraph at lines 1026--1026
[]\T1/lmtt/m/n/10 ##  $ review_scores_accuracy                      : num  4.88
 4.97 4.55 4.95 5 5 5 4.94 4.93 4.92 ...[] 
 []


Overfull \hbox (70.99341pt too wide) in paragraph at lines 1026--1026
[]\T1/lmtt/m/n/10 ##  $ review_scores_cleanliness                   : num  4.86
 4.96 4.67 4.95 4.98 5 5 4.93 4.89 4.9 ...[] 
 []


Overfull \hbox (39.4935pt too wide) in paragraph at lines 1026--1026
[]\T1/lmtt/m/n/10 ##  $ review_scores_checkin                       : num  4.9 
4.99 4.85 5 5 5 5 4.96 4.98 4.96 ...[] 
 []


Overfull \hbox (44.74348pt too wide) in paragraph at lines 1026--1026
[]\T1/lmtt/m/n/10 ##  $ review_scores_communication                 : num  4.82
 4.98 4.88 5 5 5 5 4.97 4.92 4.96 ...[] 
 []


Overfull \hbox (55.24345pt too wide) in paragraph at lines 1026--1026
[]\T1/lmtt/m/n/10 ##  $ review_scores_location                      : num  4.73
 4.97 4.69 5 4.72 5 5 4.95 4.95 4.9 ...[] 
 []


Overfull \hbox (76.2434pt too wide) in paragraph at lines 1026--1026
[]\T1/lmtt/m/n/10 ##  $ review_scores_value                         : num  4.79
 4.88 4.63 4.95 4.84 5 5 4.82 4.82 4.91 ...[] 
 []


Overfull \hbox (102.49332pt too wide) in paragraph at lines 1026--1026
[]\T1/lmtt/m/n/10 ##  $ reviews_per_month                           : num  3.52
 1.98 0.28 0.11 0.3 0.11 0.01 6.09 1.06 2.34 ...[] 
 []


Overfull \hbox (181.24309pt too wide) in paragraph at lines 1026--1026
[]\T1/lmtt/m/n/10 ##  $ city                                        : chr  "Aus
tin, Texas" "Austin, Texas" "Austin, Texas" "Austin, Texas" ...[] 
 []



[16]

[17]

[18]

[19]

[20]

[21]

[22]
Underfull \vbox (badness 10000) detected at line 1426
 []



[23]

[24]

[25]
<Lab3_files/figure-latex/unnamed-chunk-4-1.pdf, id=121, 469.755pt x 325.215pt>
File: Lab3_files/figure-latex/unnamed-chunk-4-1.pdf Graphic file (type pdf)
<use Lab3_files/figure-latex/unnamed-chunk-4-1.pdf>
Package pdftex.def Info: Lab3_files/figure-latex/unnamed-chunk-4-1.pdf  used on
 input line 1550.
(pdftex.def)             Requested size: 469.75386pt x 325.2142pt.
<Lab3_files/figure-latex/unnamed-chunk-4-2.pdf, id=122, 469.755pt x 325.215pt>
File: Lab3_files/figure-latex/unnamed-chunk-4-2.pdf Graphic file (type pdf)
<use Lab3_files/figure-latex/unnamed-chunk-4-2.pdf>
Package pdftex.def Info: Lab3_files/figure-latex/unnamed-chunk-4-2.pdf  used on
 input line 1559.
(pdftex.def)             Requested size: 469.75386pt x 325.2142pt.


[26 <./Lab3_files/figure-latex/unnamed-chunk-4-1.pdf>]
<Lab3_files/figure-latex/unnamed-chunk-4-3.pdf, id=132, 469.755pt x 325.215pt>
File: Lab3_files/figure-latex/unnamed-chunk-4-3.pdf Graphic file (type pdf)
<use Lab3_files/figure-latex/unnamed-chunk-4-3.pdf>
Package pdftex.def Info: Lab3_files/figure-latex/unnamed-chunk-4-3.pdf  used on
 input line 1568.
(pdftex.def)             Requested size: 469.75386pt x 325.2142pt.


[27 <./Lab3_files/figure-latex/unnamed-chunk-4-2.pdf>]
<Lab3_files/figure-latex/unnamed-chunk-4-4.pdf, id=142, 469.755pt x 325.215pt>
File: Lab3_files/figure-latex/unnamed-chunk-4-4.pdf Graphic file (type pdf)
<use Lab3_files/figure-latex/unnamed-chunk-4-4.pdf>
Package pdftex.def Info: Lab3_files/figure-latex/unnamed-chunk-4-4.pdf  used on
 input line 1577.
(pdftex.def)             Requested size: 469.75386pt x 325.2142pt.


[28 <./Lab3_files/figure-latex/unnamed-chunk-4-3.pdf>]
<Lab3_files/figure-latex/unnamed-chunk-4-5.pdf, id=153, 469.755pt x 325.215pt>
File: Lab3_files/figure-latex/unnamed-chunk-4-5.pdf Graphic file (type pdf)
<use Lab3_files/figure-latex/unnamed-chunk-4-5.pdf>
Package pdftex.def Info: Lab3_files/figure-latex/unnamed-chunk-4-5.pdf  used on
 input line 1586.
(pdftex.def)             Requested size: 469.75386pt x 325.2142pt.


[29 <./Lab3_files/figure-latex/unnamed-chunk-4-4.pdf>]

[30 <./Lab3_files/figure-latex/unnamed-chunk-4-5.pdf>]
<Lab3_files/figure-latex/unnamed-chunk-6-1.pdf, id=172, 469.755pt x 325.215pt>
File: Lab3_files/figure-latex/unnamed-chunk-6-1.pdf Graphic file (type pdf)
<use Lab3_files/figure-latex/unnamed-chunk-6-1.pdf>
Package pdftex.def Info: Lab3_files/figure-latex/unnamed-chunk-6-1.pdf  used on
 input line 1660.
(pdftex.def)             Requested size: 469.75386pt x 325.2142pt.


[31 <./Lab3_files/figure-latex/unnamed-chunk-6-1.pdf>]
<Lab3_files/figure-latex/unnamed-chunk-7-1.pdf, id=185, 469.755pt x 325.215pt>
File: Lab3_files/figure-latex/unnamed-chunk-7-1.pdf Graphic file (type pdf)
<use Lab3_files/figure-latex/unnamed-chunk-7-1.pdf>
Package pdftex.def Info: Lab3_files/figure-latex/unnamed-chunk-7-1.pdf  used on
 input line 1693.
(pdftex.def)             Requested size: 469.75386pt x 325.2142pt.
<Lab3_files/figure-latex/unnamed-chunk-8-1.pdf, id=186, 469.755pt x 325.215pt>
File: Lab3_files/figure-latex/unnamed-chunk-8-1.pdf Graphic file (type pdf)
<use Lab3_files/figure-latex/unnamed-chunk-8-1.pdf>
Package pdftex.def Info: Lab3_files/figure-latex/unnamed-chunk-8-1.pdf  used on
 input line 1713.
(pdftex.def)             Requested size: 469.75386pt x 325.2142pt.


[32 <./Lab3_files/figure-latex/unnamed-chunk-7-1.pdf>]
<Lab3_files/figure-latex/unnamed-chunk-9-1.pdf, id=197, 469.755pt x 325.215pt>
File: Lab3_files/figure-latex/unnamed-chunk-9-1.pdf Graphic file (type pdf)
<use Lab3_files/figure-latex/unnamed-chunk-9-1.pdf>
Package pdftex.def Info: Lab3_files/figure-latex/unnamed-chunk-9-1.pdf  used on
 input line 1742.
(pdftex.def)             Requested size: 469.75386pt x 325.2142pt.


[33 <./Lab3_files/figure-latex/unnamed-chunk-8-1.pdf>]

LaTeX Font Warning: Font shape `T1/lmtt/bx/it' in size <10> not available
(Font)              Font shape `T1/lmtt/b/sl' tried instead on input line 1792.




[34 <./Lab3_files/figure-latex/unnamed-chunk-9-1.pdf>]
<Lab3_files/figure-latex/unnamed-chunk-10-1.pdf, id=220, 469.755pt x 325.215pt>

File: Lab3_files/figure-latex/unnamed-chunk-10-1.pdf Graphic file (type pdf)
<use Lab3_files/figure-latex/unnamed-chunk-10-1.pdf>
Package pdftex.def Info: Lab3_files/figure-latex/unnamed-chunk-10-1.pdf  used o
n input line 1814.
(pdftex.def)             Requested size: 469.75386pt x 325.2142pt.
<Lab3_files/figure-latex/unnamed-chunk-10-2.pdf, id=221, 469.755pt x 325.215pt>

File: Lab3_files/figure-latex/unnamed-chunk-10-2.pdf Graphic file (type pdf)
<use Lab3_files/figure-latex/unnamed-chunk-10-2.pdf>
Package pdftex.def Info: Lab3_files/figure-latex/unnamed-chunk-10-2.pdf  used o
n input line 1826.
(pdftex.def)             Requested size: 469.75386pt x 325.2142pt.


[35 <./Lab3_files/figure-latex/unnamed-chunk-10-1.pdf>]
<Lab3_files/figure-latex/unnamed-chunk-11-1.pdf, id=232, 469.755pt x 325.215pt>

File: Lab3_files/figure-latex/unnamed-chunk-11-1.pdf Graphic file (type pdf)
<use Lab3_files/figure-latex/unnamed-chunk-11-1.pdf>
Package pdftex.def Info: Lab3_files/figure-latex/unnamed-chunk-11-1.pdf  used o
n input line 1847.
(pdftex.def)             Requested size: 469.75386pt x 325.2142pt.


[36 <./Lab3_files/figure-latex/unnamed-chunk-10-2.pdf>]

[37 <./Lab3_files/figure-latex/unnamed-chunk-11-1.pdf>]
<Lab3_files/figure-latex/unnamed-chunk-13-1.pdf, id=255, 469.755pt x 325.215pt>

File: Lab3_files/figure-latex/unnamed-chunk-13-1.pdf Graphic file (type pdf)
<use Lab3_files/figure-latex/unnamed-chunk-13-1.pdf>
Package pdftex.def Info: Lab3_files/figure-latex/unnamed-chunk-13-1.pdf  used o
n input line 1900.
(pdftex.def)             Requested size: 469.75386pt x 325.2142pt.


[38 <./Lab3_files/figure-latex/unnamed-chunk-13-1.pdf>]

[39]
<Lab3_files/figure-latex/unnamed-chunk-15-1.pdf, id=272, 469.755pt x 325.215pt>

File: Lab3_files/figure-latex/unnamed-chunk-15-1.pdf Graphic file (type pdf)
<use Lab3_files/figure-latex/unnamed-chunk-15-1.pdf>
Package pdftex.def Info: Lab3_files/figure-latex/unnamed-chunk-15-1.pdf  used o
n input line 2060.
(pdftex.def)             Requested size: 469.75386pt x 325.2142pt.


[40 <./Lab3_files/figure-latex/unnamed-chunk-15-1.pdf>]

! LaTeX Error: Unicode character ≤ (U+2264)
               not set up for use with LaTeX.

See the LaTeX manual or LaTeX Companion for explanation.
Type  H <return>  for immediate help.
 ...                                              
                                                  
l.2080 Regla de decisión: * Si p-value ≤
                                            0.05 → Se rechaza H₀ (eviden...

You may provide a definition with
\DeclareUnicodeCharacter 

 
Here is how much of TeX's memory you used:
 13986 strings out of 467888
 232029 string characters out of 5405403
 801558 words of memory out of 5000000
 42249 multiletter control sequences out of 15000+600000
 658512 words of font info for 91 fonts, out of 8000000 for 9000
 1141 hyphenation exceptions out of 8191
 83i,6n,93p,1198b,979s stack positions out of 10000i,1000n,20000p,200000b,200000s
!  ==> Fatal error occurred, no output PDF file produced!
